빌드 시작: 2021-06-05 오후 3:28:12
     1>2 노드의 "C:\Users\hoon2\Desktop\C_Project\BaekJoon\6.함수\3.한수\3.한수\3.한수.vcxproj" 프로젝트(build 대상)입니다.
     1>InitializeBuildStatus:
         "AlwaysCreate"이(가) 지정되었기 때문에 "Debug\3.한수.unsuccessfulbuild"을(를) 만들고 있습니다.
       ClCompile:
         C:\Program Files (x86)\Microsoft Visual Studio 10.0\VC\bin\CL.exe /c /ZI /nologo /W3 /WX- /Od /Oy- /D WIN32 /D _DEBUG /D _CONSOLE /D _UNICODE /D UNICODE /Gm /EHsc /RTC1 /MDd /GS /fp:precise /Zc:wchar_t /Zc:forScope /Fo"Debug\\" /Fd"Debug\vc100.pdb" /Gd /TC /analyze- /errorReport:prompt "한수.c"
         한수.c
     1>c:\users\hoon2\desktop\c_project\baekjoon\6.함수\3.한수\3.한수\한수.c(6): warning C4996: 'scanf': This function or variable may be unsafe. Consider using scanf_s instead. To disable deprecation, use _CRT_SECURE_NO_WARNINGS. See online help for details.
                 c:\program files (x86)\microsoft visual studio 10.0\vc\include\stdio.h(304) : 'scanf' 선언을 참조하십시오.
       ManifestResourceCompile:
         모든 출력이 최신 상태입니다.
       Link:
         C:\Program Files (x86)\Microsoft Visual Studio 10.0\VC\bin\link.exe /ERRORREPORT:PROMPT /OUT:"C:\Users\hoon2\Desktop\C_Project\BaekJoon\6.함수\3.한수\Debug\3.한수.exe" /INCREMENTAL /NOLOGO kernel32.lib user32.lib gdi32.lib winspool.lib comdlg32.lib advapi32.lib shell32.lib ole32.lib oleaut32.lib uuid.lib odbc32.lib odbccp32.lib /MANIFEST /ManifestFile:"Debug\3.한수.exe.intermediate.manifest" /MANIFESTUAC:"level='asInvoker' uiAccess='false'" /DEBUG /PDB:"C:\Users\hoon2\Desktop\C_Project\BaekJoon\6.함수\3.한수\Debug\3.한수.pdb" /SUBSYSTEM:CONSOLE /TLBID:1 /DYNAMICBASE /NXCOMPAT /IMPLIB:"C:\Users\hoon2\Desktop\C_Project\BaekJoon\6.함수\3.한수\Debug\3.한수.lib" /MACHINE:X86 "Debug\3.한수.exe.embed.manifest.res"
         "Debug\한수.obj"
       Manifest:
         C:\Program Files (x86)\Microsoft SDKs\Windows\v7.0A\bin\mt.exe /nologo /verbose /out:"Debug\3.한수.exe.embed.manifest" /manifest "Debug\3.한수.exe.intermediate.manifest"
         모든 출력이 최신 상태입니다.
       LinkEmbedManifest:
         모든 출력이 최신 상태입니다.
         3.한수.vcxproj -> C:\Users\hoon2\Desktop\C_Project\BaekJoon\6.함수\3.한수\Debug\3.한수.exe
       FinalizeBuildStatus:
         "Debug\3.한수.unsuccessfulbuild" 파일을 삭제하고 있습니다.
         "Debug\3.한수.lastbuildstate"에 연결(touching)하고 있습니다.
     1>"C:\Users\hoon2\Desktop\C_Project\BaekJoon\6.함수\3.한수\3.한수\3.한수.vcxproj" 프로젝트를 빌드했습니다(build 대상).

빌드했습니다.

경과 시간: 00:00:00.58
